recv: 0
To send: 0
First Line: b''
recv: 000000000000000000
To send: 0
First Line: b''
recv: 0000000000000100000
To send: 0
First Line: b'You sent me: \x00'
recv: 000000000
To send: 0
First Line: b'9012090You sent me: \x00'
recv: 44
To send: 4
First Line: b'9012090You sent me: \x04'
recv: 44
To send: 4
First Line: b'9012090You sent me: \x04'
recv: 44
To send: 4
First Line: b'9012090You sent me: \x04'
recv: 444
To send: 4
First Line: b'9012090You sent me: \x04'
recv: 44
To send: 4
First Line: b'9012090You sent me: \x04'
recv: 44
To send: 4
First Line: b'9012090You sent me: \x04'
recv: 44
To send: 4
First Line: b'9012090You sent me: \x04'
recv: 444
To send: 4
First Line: b'9012090You sent me: \x04'
recv: 44
To send: 4
First Line: b'9012090You sent me: \x04'
recv: 44
To send: 4
First Line: b'9012090You sent me: \x04'
recv: 00
To send: 0
First Line: b'9012090You sent me: \x00'
recv: 01
To send: 0
First Line: b'9012090You sent me: \x00'
recv: 111
To send: 1
First Line: b'9012090forward'
recv: 1
To send: 1
First Line: b'You sent me: \x01'
recv: 1
To send: 1
First Line: b'9012090forward'
recv: 1
To send: 1
First Line: b'You sent me: \x01'
recv: 1
To send: 1
First Line: b'You sent me: \x01'
recv: 1
To send: 1
First Line: b'You sent me: \x01'
recv: 1
To send: 1
First Line: b'You sent me: \x01'
recv: 1
To send: 1
First Line: b'You sent me: \x01'
recv: 1
To send: 1
First Line: b'You sent me: \x01'
recv: 1
To send: 1
First Line: b''
recv: 1
To send: 1
First Line: b'You sent me: \x01'
recv: 1
To send: 1
First Line: b'You sent me: \x01'
recv: 0
To send: 0
First Line: b'You sent me: \x01'
recv: 0
To send: 0
First Line: b'You sent me: \x01'
recv: 0
To send: 0
First Line: b'You sent me: \x00'
recv: 0
To send: 0
First Line: b'You sent me: \x00'
recv: a
To send: 10
First Line: b'You sent me: \x00'
recv: a
To send: 10
First Line: b'You sent me: \x00'
recv: a
To send: 10
First Line: b'You sent me:'
recv: aaaaa000099999999
To send: 10
First Line: b''
recv: 9
To send: 9
First Line: b'You sent me:'
recv: 9990099009900aa000
To send: 9
First Line: b''
recv: 8
To send: 8
First Line: b'You sent me:'
recv: 880008000000880000
To send: 8
First Line: b''
recv: 7
To send: 7
First Line: b'You sent me:'
recv: 700800022200222222
To send: 7
First Line: b''
recv: 2
To send: 2
First Line: b''
recv: 2
To send: 2
First Line: b''
recv: 2
To send: 2
First Line: b''
recv: 2
To send: 2
First Line: b'12092You sent me: \x07'
recv: 2
To send: 2
First Line: b'You sent me: \x07'
recv: 2
To send: 2
First Line: b'You sent me: \x02'
recv: 2
To send: 2
First Line: b'You sent me: \x02'
recv: 2
To send: 2
First Line: b'You sent me: \x02'
recv: 2
To send: 2
First Line: b'You sent me: \x02'
recv: 2
To send: 2
First Line: b'You sent me: \x02'
recv: 2
To send: 2
First Line: b'You sent me: \x02'
recv: 2
To send: 2
First Line: b'You sent me: \x02'
recv: 0
To send: 0
First Line: b'You sent me: \x02'
recv: 0
To send: 0
First Line: b'You sent me: \x02'
recv: 0
To send: 0
First Line: b'You sent me: \x02'
recv: 0
To send: 0
First Line: b'You sent me: \x02'
recv: 0
To send: 0
First Line: b'You sent me: \x02'
recv: 7
To send: 7
First Line: b'You sent me: \x00'
recv: 7
To send: 7
First Line: b'You sent me: \x00'
recv: 7
To send: 7
First Line: b'You sent me: \x00'
recv: 7
To send: 7
First Line: b'You sent me: \x00'
recv: 7
To send: 7
First Line: b'You sent me: \x00'
recv: 7
To send: 7
First Line: b'You sent me: \x07'
recv: 7
To send: 7
First Line: b'You sent me: \x07'
recv: 7
To send: 7
First Line: b'ent me: \x07'
recv: 0
To send: 0
First Line: b': \x07'
recv: 0
To send: 0
First Line: b''
recv: 0
To send: 0
First Line: b'2092You sent me: \x07'
recv: 7
To send: 7
First Line: b'You sent me: \x07'
recv: 7
To send: 7
First Line: b'You sent me: \x00'
recv: 7
To send: 7
First Line: b'You sent me: \x00'
recv: 0
To send: 0
First Line: b'You sent me: \x00'
recv: 0
To send: 0
First Line: b'You sent me: \x07'
recv: 0
To send: 0
First Line: b'u sent me: \x07'
recv: 0
To send: 0
First Line: b' sent me: \x07'
recv: 8
To send: 8
First Line: b'u sent me: \x00'
recv: 8
To send: 8
First Line: b'sent me: \x00'
recv: 8
To send: 8
First Line: b'nt me: \x00'
recv: 8
To send: 8
First Line: b' me: \x00'
recv: 8
To send: 8
First Line: b'\x08'
recv: 8
To send: 8
First Line: b'You sent me: \x08'
recv: 8
To send: 8
First Line: b'You sent me: \x08'
recv: 8
To send: 8
First Line: b'You sent me: \x08'
recv: 8
To send: 8
First Line: b'You sent me: \x08'
recv: 8
To send: 8
First Line: b' sent me: \x08'
recv: 8
To send: 8
First Line: b' me: \x08'
recv: 8
To send: 8
First Line: b' \x08'
recv: 8
To send: 8
First Line: b'9112092You sent me: \x08'
recv: 8
To send: 8
First Line: b'You sent me: \x08'
recv: 8
To send: 8
First Line: b'You sent me: \x08'
recv: 8
To send: 8
First Line: b'You sent me: \x08'
recv: 8
To send: 8
First Line: b'You sent me: \x08'
recv: 8
To send: 8
First Line: b'You sent me: \x08'
recv: 8
To send: 8
First Line: b'You sent me: \x08'
recv: 8
To send: 8
First Line: b't me: \x08'
recv: 8
To send: 8
First Line: b'You sent me: \x08'
recv: 8
To send: 8
First Line: b' sent me: \x08'
recv: 8
To send: 8
First Line: b'u sent me: \x08'
recv: 8
To send: 8
First Line: b'ou sent me: \x08'
recv: 8
To send: 8
First Line: b' sent me: \x08'
recv: 8
To send: 8
First Line: b'nt me: \x08'
recv: 0
To send: 0
First Line: b' sent me: \x08'
recv: 0
To send: 0
First Line: b' sent me: \x08'
recv: 0
To send: 0
First Line: b'u sent me: \x00'
recv: 0
To send: 0
First Line: b'You sent me: \x00'
recv: 0
To send: 0
First Line: b'You sent me: \x00'
recv: 0
To send: 0
First Line: b'\x00'
recv: 8
To send: 8
First Line: b'You sent me: \x00'
recv: 8
To send: 8
First Line: b'u sent me: \x00'
recv: 8
To send: 8
First Line: b'ou sent me: \x08'
recv: 8
To send: 8
First Line: b'sent me: \x08'
recv: 8
To send: 8
First Line: b'u sent me: \x08'
recv: 8
To send: 8
First Line: b' sent me: \x08'
recv: 8
To send: 8
First Line: b'ent me: \x08'
recv: 8
To send: 8
First Line: b'u sent me: \x08'
recv: 8
To send: 8
First Line: b't me: \x08'
recv: 8
To send: 8
First Line: b'You sent me: \x08'
recv: 8
To send: 8
First Line: b'6612092You sent me: \x08'
recv: 8
To send: 8
First Line: b'6512092You sent me: \x08'
recv: 8
To send: 8
First Line: b'6412092You sent me: \x08'
recv: 8
To send: 8
First Line: b'6312092You sent me: \x08'
recv: 8
To send: 8
First Line: b'6212092You sent me: \x08'
recv: 8
To send: 8
First Line: b'6112092You sent me: \x08'
recv: 8
To send: 8
First Line: b'6012092You sent me: \x08'
recv: 8
To send: 8
First Line: b'5912092You sent me: \x08'
recv: 0
To send: 0
First Line: b'5812092You sent me: \x08'
recv: 0
To send: 0
First Line: b'5712092You sent me: \x00'
recv: 0
To send: 0
First Line: b'5712092You sent me: \x00'
recv: 00
To send: 0
First Line: b'5712092You sent me: \x00'
recv: 0
To send: 0
First Line: b'5712092You sent me: \x00'
recv: 0
To send: 0
First Line: b'5712092You sent me: \x00'
recv: 0
To send: 0
First Line: b'5712092You sent me: \x00'
recv: 0
To send: 0
First Line: b'5712092You sent me: \x00'
recv: 0
To send: 0
First Line: b'5712092You sent me: \x00'
recv: 0
To send: 0
First Line: b'5712092You sent me: \x00'
recv: 0
To send: 0
First Line: b'5712092You sent me: \x00'
recv: 00
To send: 0
First Line: b'5712092You sent me: \x00'
recv: 0
To send: 0
First Line: b'5712092You sent me: \x00'
recv: 0
To send: 0
First Line: b'5712092You sent me: \x00'
recv: 0
To send: 0
First Line: b'5712092You sent me: \x00'
recv: 1
To send: 1
First Line: b'5712092You sent me: \x00'
recv: 1
To send: 1
First Line: b'5712092forward'
recv: 1
To send: 1
First Line: b'You sent me: \x01'
recv: 1
To send: 1
First Line: b'You sent me: \x01'
recv: 1
To send: 1
First Line: b'You sent me: \x01'
recv: 1
To send: 1
First Line: b'You sent me: \x01'
recv: 1
To send: 1
First Line: b'You sent me: \x01'
recv: 1
To send: 1
First Line: b'You sent me: \x01'
recv: 1
To send: 1
First Line: b'You sent me: \x01'
recv: 0
To send: 0
First Line: b'You sent me: \x01'
recv: 0
To send: 0
First Line: b'You sent me: \x01'
recv: 0
To send: 0
First Line: b'You sent me: \x00'
recv: 0
To send: 0
First Line: b'You sent me: \x00'
recv: 0
To send: 0
First Line: b'You sent me: \x00'
recv: 4
To send: 4
First Line: b'You sent me: \x00'
recv: 4
To send: 4
First Line: b'You sent me: \x00'
recv: 4
To send: 4
First Line: b'You sent me: \x04'
recv: 4
To send: 4
First Line: b'You sent me: \x04'
recv: 4
To send: 4
First Line: b'You sent me: \x04'
recv: 4
To send: 4
First Line: b'ou sent me: \x04'
recv: 4
To send: 4
First Line: b'You sent me: \x04'
recv: 4
To send: 4
First Line: b'You sent me: \x04'
recv: 4
To send: 4
First Line: b'You sent me: \x04'
recv: 4
To send: 4
First Line: b'You sent me: \x04'
recv: 4
To send: 4
First Line: b'You sent me: \x04'
recv: 4
To send: 4
First Line: b'You sent me: \x04'
recv: 4
To send: 4
First Line: b'You sent me: \x04'
recv: 4
To send: 4
First Line: b'You sent me: \x04'
recv: 4
To send: 4
First Line: b'You sent me: \x04'
recv: 4
To send: 4
First Line: b'You sent me: \x04'
recv: 4
To send: 4
First Line: b'You sent me: \x04'
recv: 4
To send: 4
First Line: b'You sent me: \x04'
recv: 4
To send: 4
First Line: b'You sent me: \x04'
recv: 4
To send: 4
First Line: b'You sent me: \x04'
recv: 4
To send: 4
First Line: b'You sent me: \x04'
recv: 4
To send: 4
First Line: b'You sent me: \x04'
recv: 4
To send: 4
First Line: b'You sent me: \x04'
recv: 4
To send: 4
First Line: b'You sent me: \x04'
recv: 4
To send: 4
First Line: b'You sent me: \x04'
recv: 4
To send: 4
First Line: b'You sent me: \x04'
recv: 4
To send: 4
First Line: b'You sent me: \x04'
recv: 4
To send: 4
First Line: b'You sent me: \x04'
recv: 4
To send: 4
First Line: b'You sent me: \x04'
recv: 4
To send: 4
First Line: b'You sent me: \x04'
recv: 4
To send: 4
First Line: b'You sent me: \x04'
recv: 4
To send: 4
First Line: b'You sent me: \x04'
recv: 4
To send: 4
First Line: b'You sent me: \x04'
recv: 4
To send: 4
First Line: b'You sent me: \x04'
recv: 4
To send: 4
First Line: b'You sent me: \x04'
recv: 4
To send: 4
First Line: b'You sent me: \x04'
recv: 4
To send: 4
First Line: b'You sent me: \x04'
recv: 4
To send: 4
First Line: b'You sent me: \x04'
recv: 4
To send: 4
First Line: b'You sent me: \x04'
recv: 4
To send: 4
First Line: b'You sent me: \x04'
recv: 4
To send: 4
First Line: b'You sent me: \x04'
recv: 4
To send: 4
First Line: b'You sent me: \x04'
recv: 0
To send: 0
First Line: b'You sent me: \x04'
recv: 0
To send: 0
First Line: b'nt me: \x04'
recv: 0
To send: 0
First Line: b'You sent me: \x00'
recv: 0
To send: 0
First Line: b' sent me: \x00'
recv: 0
To send: 0
First Line: b'You sent me: \x00'
recv: 5
To send: 5
First Line: b'You sent me: \x00'
recv: 5
To send: 5
First Line: b'ou sent me: \x00'
recv: 5
To send: 5
First Line: b'92You sent me: \x05'
recv: 55555
To send: 5
First Line: b'5711892You sent me: \x05'
recv: 5
To send: 5
First Line: b'You sent me: \x05'
recv: 5
To send: 5
First Line: b'5711692You sent me: \x05'
recv: 5
To send: 5
First Line: b'5711592You sent me: \x05'
recv: 5
To send: 5
First Line: b'5711492You sent me: \x05'
recv: 5
To send: 5
First Line: b'5711392You sent me: \x05'
recv: 5
To send: 5
First Line: b'5711292You sent me: \x05'
recv: 5
To send: 5
First Line: b'5711192You sent me: \x05'
recv: 55
To send: 5
First Line: b'5711092You sent me: \x05'
recv: 5
To send: 5
First Line: b'5710992You sent me: \x05'
recv: 5
To send: 5
First Line: b'5710892You sent me: \x05'
recv: 5
To send: 5
First Line: b'5710792You sent me: \x05'
recv: 5
To send: 5
First Line: b'5710692You sent me: \x05'
recv: 5
To send: 5
First Line: b'5710592You sent me: \x05'
recv: 5
To send: 5
First Line: b'5710492You sent me: \x05'
recv: 5
To send: 5
First Line: b'5710392You sent me: \x05'
recv: 5
To send: 5
First Line: b'5710292You sent me: \x05'
recv: 0
To send: 0
First Line: b'5710192You sent me: \x05'
recv: 0
To send: 0
First Line: b'5710092You sent me: \x00'
recv: 0
To send: 0
First Line: b'5710092You sent me: \x00'
recv: 09
To send: 0
First Line: b'5710092You sent me: \x00'
recv: 9
To send: 9
First Line: b'5710092You sent me: \x00'
recv: 0
To send: 0
First Line: b'5710092You sent me:'
recv: 0
To send: 0
First Line: b'5710093You sent me: \x00'
recv: 0
To send: 0
First Line: b'5710093You sent me: \x00'
recv: 0
To send: 0
First Line: b'5710093You sent me: \x00'
recv: 0
To send: 0
First Line: b'5710093You sent me: \x00'
recv: 0
To send: 0
First Line: b'5710093You sent me: \x00'
recv: 0
To send: 0
First Line: b'5710093You sent me: \x00'
recv: 0
To send: 0
First Line: b'5710093You sent me: \x00'
recv: 00
To send: 0
First Line: b'5710093You sent me: \x00'
recv: 0
To send: 0
First Line: b'5710093You sent me: \x00'
recv: 0
To send: 0
First Line: b'5710093You sent me: \x00'
recv: a
To send: 10
First Line: b'5710093You sent me: \x00'
recv: a
To send: 10
First Line: b'5710093You sent me:'
recv: 00000000000000aaa00
To send: 0
First Line: b''
recv: 0
To send: 0
First Line: b'You sent me:'
recv: 000000000000000000
To send: 0
First Line: b''
recv: 0
To send: 0
First Line: b': \x00'
recv: 0
To send: 0
First Line: b'me: \x00'
recv: 0
To send: 0
First Line: b't me: \x00'
recv: 0
To send: 0
First Line: b'ent me: \x00'
recv: 0
To send: 0
First Line: b't me: \x00'
recv: 0
To send: 0
First Line: b'e: \x00'
recv: 0
To send: 0
First Line: b' \x00'
recv: 0
To send: 0
First Line: b''
recv: 0
To send: 0
First Line: b' sent me: \x00'
recv: 00
To send: 0
First Line: b'You sent me: \x00'
recv: 0
To send: 0
First Line: b'You sent me: \x00'
recv: 0
To send: 0
First Line: b'You sent me: \x00'
recv: 00
To send: 0
First Line: b'9012090You sent me: \x00'
recv: 0
To send: 0
First Line: b'You sent me: \x00'
recv: 0a
To send: 0
First Line: b'9012090You sent me: \x00'
recv: a
To send: 10
First Line: b'You sent me: \x00'
recv: a
To send: 10
First Line: b'9012090You sent me:'
recv: 000000888888888888
To send: 0
First Line: b''
recv: 0
To send: 0
First Line: b'You sent me:'
recv: 00888888008880088
To send: 0
First Line: b''
recv: 800
To send: 8
First Line: b': \x00'
recv: 0
To send: 0
First Line: b'You sent me: \x00'
recv: 08
To send: 0
First Line: b'You sent me: \x08'
recv: 8
To send: 8
First Line: b'You sent me: \x00'
recv: 80
To send: 8
First Line: b'8912090You sent me: \x08'
recv: 0
To send: 0
First Line: b'You sent me: \x08'
recv: 08
To send: 0
First Line: b'8712090You sent me: \x00'
recv: 8
To send: 8
First Line: b'You sent me: \x00'
recv: 88
To send: 8
First Line: b'8712090You sent me: \x08'
recv: 8
To send: 8
First Line: b'You sent me: \x08'
recv: 88
To send: 8
First Line: b'8512090You sent me: \x08'
recv: 8
To send: 8
First Line: b'You sent me: \x08'
recv: 88
To send: 8
First Line: b'8312090You sent me: \x08'
recv: 8
To send: 8
First Line: b'You sent me: \x08'
recv: 8
To send: 8
First Line: b'8112090You sent me: \x08'
recv: 8
To send: 8
First Line: b'8012090You sent me: \x08'
recv: 88
To send: 8
First Line: b'7912090You sent me: \x08'
recv: 8
To send: 8
First Line: b'7812090You sent me: \x08'
recv: 8
To send: 8
First Line: b'7712090You sent me: \x08'
recv: 8
To send: 8
First Line: b'7612090You sent me: \x08'
recv: 8
To send: 8
First Line: b'7512090You sent me: \x08'
recv: 8
To send: 8
First Line: b'7412090You sent me: \x08'
recv: 8
To send: 8
First Line: b'7312090You sent me: \x08'
recv: 8
To send: 8
First Line: b'7212090You sent me: \x08'
recv: 0
To send: 0
First Line: b'7112090You sent me: \x08'
recv: 0
To send: 0
First Line: b'7012090You sent me: \x00'
recv: 0
To send: 0
First Line: b'7012090You sent me: \x00'
recv: 0
To send: 0
First Line: b'7012090You sent me: \x00'
recv: 0
To send: 0
First Line: b'7012090You sent me: \x00'
recv: 0
To send: 0
First Line: b'7012090You sent me: \x00'
recv: 05
To send: 0
First Line: b'7012090You sent me: \x00'
recv: 5
To send: 5
First Line: b'7012090You sent me: \x00'
recv: 5
To send: 5
First Line: b'7012090You sent me: \x05'
recv: 5
To send: 5
First Line: b'011990You sent me: \x05'
recv: 5
To send: 5
First Line: b'7011890You sent me: \x05'
recv: 5
To send: 5
First Line: b'011790You sent me: \x05'
recv: 5
To send: 5
First Line: b'7011690You sent me: \x05'
recv: 5
To send: 5
First Line: b'011590You sent me: \x05'
recv: 5
To send: 5
First Line: b'7011490You sent me: \x05'
recv: 5
To send: 5
First Line: b'011390You sent me: \x05'
recv: 55
To send: 5
First Line: b'7011290You sent me: \x05'
recv: 5
To send: 5
First Line: b'011190You sent me: \x05'
recv: 5
To send: 5
First Line: b'7011090You sent me: \x05'
recv: 5
To send: 5
First Line: b'010990You sent me: \x05'
recv: 5
To send: 5
First Line: b'7010890You sent me: \x05'
recv: 5
To send: 5
First Line: b'7010790You sent me: \x05'
recv: 5
To send: 5
First Line: b'7010690You sent me: \x05'
recv: 5
To send: 5
First Line: b'7010590You sent me: \x05'
recv: 5
To send: 5
First Line: b'7010490You sent me: \x05'
recv: 5
To send: 5
First Line: b'7010390You sent me: \x05'
recv: 55
To send: 5
First Line: b'7010290You sent me: \x05'
recv: 5
To send: 5
First Line: b'7010190You sent me: \x05'
recv: 5
To send: 5
First Line: b'7010090You sent me: \x05'
recv: 5
To send: 5
First Line: b'709990You sent me: \x05'
recv: 5
To send: 5
First Line: b'709890You sent me: \x05'
recv: 5
To send: 5
First Line: b'709790You sent me: \x05'
recv: 5
To send: 5
First Line: b'709690You sent me: \x05'
recv: 5
To send: 5
First Line: b'709590You sent me: \x05'
recv: 5
To send: 5
First Line: b'709490You sent me: \x05'
recv: 5
To send: 5
First Line: b'709390You sent me: \x05'
recv: 5
To send: 5
First Line: b'709290You sent me: \x05'
recv: 5
To send: 5
First Line: b'709190You sent me: \x05'
recv: 55
To send: 5
First Line: b'709090You sent me: \x05'
recv: 0
To send: 0
First Line: b'708990You sent me: \x05'
recv: 0
To send: 0
First Line: b'708890You sent me: \x00'
recv: 0
To send: 0
First Line: b'708890You sent me: \x00'
recv: 0
To send: 0
First Line: b'708890You sent me: \x00'
recv: 0
To send: 0
First Line: b'708890You sent me: \x00'
recv: 0
To send: 0
First Line: b'708890You sent me: \x00'
recv: 0
To send: 0
First Line: b'708890You sent me: \x00'
recv: 0
To send: 0
First Line: b'708890You sent me: \x00'
recv: 0
To send: 0
First Line: b'708890You sent me: \x00'
recv: 88
To send: 8
First Line: b'708890You sent me: \x00'
recv: 8
To send: 8
First Line: b'708890You sent me: \x08'
recv: 8
To send: 8
First Line: b'698890You sent me: \x08'
recv: 8
To send: 8
First Line: b'688890You sent me: \x08'
recv: 8
To send: 8
First Line: b'678890You sent me: \x08'
recv: 8
To send: 8
First Line: b'668890You sent me: \x08'
recv: 8
To send: 8
First Line: b'658890You sent me: \x08'
recv: 8
To send: 8
First Line: b'648890You sent me: \x08'
recv: 8
To send: 8
First Line: b'638890You sent me: \x08'
recv: 8
To send: 8
First Line: b'628890You sent me: \x08'
recv: 8
To send: 8
First Line: b'618890You sent me: \x08'
recv: 88
To send: 8
First Line: b'608890You sent me: \x08'
recv: 8
To send: 8
First Line: b'598890You sent me: \x08'
recv: 8
To send: 8
First Line: b'588890You sent me: \x08'
recv: 0
To send: 0
First Line: b'578890You sent me: \x08'
recv: 0
To send: 0
First Line: b'568890You sent me: \x00'
recv: 0
To send: 0
First Line: b'568890You sent me: \x00'
recv: 0
To send: 0
First Line: b'568890You sent me: \x00'
recv: a
To send: 10
First Line: b'568890You sent me: \x00'
recv: 0
To send: 0
First Line: b'568890You sent me:'
recv: 0000000000000009900
To send: 0
First Line: b''
recv: 0
To send: 0
First Line: b': \x00'
recv: 0
To send: 0
First Line: b'You sent me: \x00'
recv: 0
To send: 0
First Line: b'You sent me: \x00'
recv: 0
To send: 0
First Line: b'You sent me: \x00'
recv: 0
To send: 0
First Line: b'You sent me: \x00'
recv: 0
To send: 0
First Line: b'You sent me: \x00'
recv: 0
To send: 0
First Line: b'You sent me: \x00'
recv: 0
To send: 0
First Line: b'You sent me: \x00'
recv: 0
To send: 0
First Line: b'You sent me: \x00'
recv: 0
To send: 0
First Line: b'You sent me: \x00'
recv: 0
To send: 0
First Line: b'You sent me: \x00'
recv: 0
To send: 0
First Line: b'You sent me: \x00'
recv: 0
To send: 0
First Line: b'You sent me: \x00'
recv: 0
To send: 0
First Line: b'You sent me: \x00'
recv: 0
To send: 0
First Line: b'You sent me: \x00'
recv: 0
To send: 0
First Line: b'u sent me: \x00'
recv: 0
To send: 0
First Line: b'You sent me: \x00'
recv: 0
To send: 0
First Line: b'You sent me: \x00'
recv: 0
To send: 0
First Line: b'You sent me: \x00'
recv: 0
To send: 0
First Line: b'u sent me: \x00'
recv: 0
To send: 0
First Line: b'You sent me: \x00'
recv: 0
To send: 0
First Line: b'ou sent me: \x00'
recv: 00000
To send: 0
First Line: b''
recv: 0
To send: 0
First Line: b'You sent me: \x00'
recv: 0
To send: 0
First Line: b'9012090You sent me: \x00'
recv: 0
To send: 0
First Line: b'9012090You sent me: \x00'
recv: 0
To send: 0
First Line: b'9012090You sent me: \x00'
recv: 0
To send: 0
First Line: b'9012090You sent me: \x00'
recv: 0
To send: 0
First Line: b'9012090You sent me: \x00'
recv: 0
To send: 0
First Line: b'9012090You sent me: \x00'
recv: 00
To send: 0
First Line: b'9012090You sent me: \x00'
recv: 0
To send: 0
First Line: b'9012090You sent me: \x00'
recv: 0
To send: 0
First Line: b'9012090You sent me: \x00'
recv: 0
To send: 0
First Line: b'9012090You sent me: \x00'
recv: 0
To send: 0
First Line: b'9012090You sent me: \x00'
recv: 0
To send: 0
First Line: b'9012090You sent me: \x00'
recv: 0
To send: 0
First Line: b'9012090You sent me: \x00'
recv: 0
To send: 0
First Line: b'9012090You sent me: \x00'
recv: 0
To send: 0
First Line: b'9012090You sent me: \x00'
recv: 0
To send: 0
First Line: b'9012090You sent me: \x00'
recv: 00
To send: 0
First Line: b'9012090You sent me: \x00'
recv: 0
To send: 0
First Line: b'9012090You sent me: \x00'
recv: 0
To send: 0
First Line: b'9012090You sent me: \x00'
recv: 0
To send: 0
First Line: b'9012090You sent me: \x00'
recv: 0
To send: 0
First Line: b'9012090You sent me: \x00'
recv: 0
To send: 0
First Line: b'9012090You sent me: \x00'
recv: 0
To send: 0
First Line: b'9012090You sent me: \x00'
recv: 0
To send: 0
First Line: b'9012090You sent me: \x00'
recv: 00000
To send: 0
First Line: b'9012090You sent me: \x00'
recv: 0
To send: 0
First Line: b'You sent me: \x00'
recv: 0
To send: 0
First Line: b'9012090You sent me: \x00'
recv: 0
To send: 0
First Line: b'9012090You sent me: \x00'
recv: 0
To send: 0
First Line: b'9012090You sent me: \x00'
recv: 0
To send: 0
First Line: b'9012090You sent me: \x00'
recv: 00
To send: 0
First Line: b'9012090You sent me: \x00'
recv: 0
To send: 0
First Line: b'9012090You sent me: \x00'
recv: 0
To send: 0
First Line: b'9012090You sent me: \x00'
recv: 0
To send: 0
First Line: b'9012090You sent me: \x00'
recv: 0
To send: 0
First Line: b'9012090You sent me: \x00'
recv: 0
To send: 0
First Line: b'9012090You sent me: \x00'
recv: 0
To send: 0
First Line: b'9012090You sent me: \x00'
recv: 0
To send: 0
First Line: b'9012090You sent me: \x00'
recv: 00
To send: 0
First Line: b'9012090You sent me: \x00'
recv: 0
To send: 0
First Line: b'9012090You sent me: \x00'
recv: 0
To send: 0
First Line: b'9012090You sent me: \x00'
recv: 0
To send: 0
First Line: b'9012090You sent me: \x00'
recv: 0
To send: 0
First Line: b'9012090You sent me: \x00'
recv: 0
To send: 0
First Line: b'9012090You sent me: \x00'
recv: 0
To send: 0
First Line: b'9012090You sent me: \x00'
recv: 0
To send: 0
First Line: b'9012090You sent me: \x00'
recv: 0
To send: 0
First Line: b'9012090You sent me: \x00'
recv: 0
To send: 0
First Line: b'9012090You sent me: \x00'
recv: 00
To send: 0
First Line: b'9012090You sent me: \x00'
recv: 0
To send: 0
First Line: b'9012090You sent me: \x00'
recv: 0
To send: 0
First Line: b'9012090You sent me: \x00'
recv: 0
To send: 0
First Line: b'9012090You sent me: \x00'
recv: 0
To send: 0
First Line: b'9012090You sent me: \x00'
recv: 0
To send: 0
First Line: b'9012090You sent me: \x00'
recv: 0
To send: 0
First Line: b'9012090You sent me: \x00'
recv: 0
To send: 0
First Line: b'9012090You sent me: \x00'
recv: 00
To send: 0
First Line: b'9012090You sent me: \x00'
recv: 0
To send: 0
First Line: b'9012090You sent me: \x00'
recv: 0
To send: 0
First Line: b'9012090You sent me: \x00'
recv: 0
To send: 0
First Line: b'9012090You sent me: \x00'
recv: 0
To send: 0
First Line: b'9012090You sent me: \x00'
recv: 0
To send: 0
First Line: b'9012090You sent me: \x00'
recv: 0
To send: 0
First Line: b'9012090You sent me: \x00'
recv: 00000
To send: 0
First Line: b'9012090You sent me: \x00'
recv: 0
To send: 0
First Line: b'You sent me: \x00'
recv: 0
To send: 0
First Line: b'9012090You sent me: \x00'
recv: 0
To send: 0
First Line: b'9012090You sent me: \x00'
recv: 0
To send: 0
First Line: b'9012090You sent me: \x00'
recv: 0
To send: 0
First Line: b'9012090You sent me: \x00'
recv: 00
To send: 0
First Line: b'9012090You sent me: \x00'
recv: 0
To send: 0
First Line: b'12090You sent me: \x00'
recv: 0
To send: 0
First Line: b'9012090You sent me: \x00'
recv: 0
To send: 0
First Line: b'9012090You sent me: \x00'
recv: 0
To send: 0
First Line: b'9012090You sent me: \x00'
recv: 0
To send: 0
First Line: b'9012090You sent me: \x00'
recv: 0
To send: 0
First Line: b'9012090You sent me: \x00'
recv: 0
To send: 0
First Line: b'9012090You sent me: \x00'
recv: 00
To send: 0
First Line: b'9012090You sent me: \x00'
recv: 0
To send: 0
First Line: b'9012090You sent me: \x00'
recv: 0
To send: 0
First Line: b'9012090You sent me: \x00'
recv: 0
To send: 0
First Line: b'9012090You sent me: \x00'
recv: 0
To send: 0
First Line: b'9012090You sent me: \x00'
recv: 0
To send: 0
First Line: b'9012090You sent me: \x00'
recv: 0
To send: 0
First Line: b'9012090You sent me: \x00'
recv: 0
To send: 0
First Line: b'9012090You sent me: \x00'
recv: 0
To send: 0
First Line: b'9012090You sent me: \x00'
recv: 00000
To send: 0
First Line: b'9012090You sent me: \x00'
recv: 0
To send: 0
First Line: b'You sent me: \x00'
recv: 0
To send: 0
First Line: b'9012090You sent me: \x00'
recv: 0
To send: 0
First Line: b'9012090You sent me: \x00'
recv: 00
To send: 0
First Line: b'9012090You sent me: \x00'
recv: 0
To send: 0
First Line: b'9012090You sent me: \x00'
recv: 0
To send: 0
First Line: b'9012090You sent me: \x00'
recv: 0
To send: 0
First Line: b'9012090You sent me: \x00'
recv: 0
To send: 0
First Line: b'9012090You sent me: \x00'
recv: 0
To send: 0
First Line: b'9012090You sent me: \x00'
recv: 0
To send: 0
First Line: b'9012090You sent me: \x00'
recv: 0
To send: 0
First Line: b'9012090You sent me: \x00'
recv: 0
To send: 0
First Line: b'9012090You sent me: \x00'
recv: 0
To send: 0
First Line: b'9012090You sent me: \x00'
recv: 00
To send: 0
First Line: b'9012090You sent me: \x00'
recv: 0
To send: 0
First Line: b'9012090You sent me: \x00'
recv: 0
To send: 0
First Line: b'9012090You sent me: \x00'
recv: 0
To send: 0
First Line: b'9012090You sent me: \x00'
recv: 0
To send: 0
First Line: b'9012090You sent me: \x00'
recv: 0
To send: 0
First Line: b'9012090You sent me: \x00'
recv: 0
To send: 0
First Line: b'9012090You sent me: \x00'
recv: 0
To send: 0
First Line: b'9012090You sent me: \x00'
recv: 00
To send: 0
First Line: b'9012090You sent me: \x00'
recv: 0
To send: 0
First Line: b'9012090You sent me: \x00'
recv: 0
To send: 0
First Line: b'9012090You sent me: \x00'
recv: 0
To send: 0
First Line: b'9012090You sent me: \x00'
recv: 0
To send: 0
First Line: b'9012090You sent me: \x00'
recv: 0
To send: 0
First Line: b'9012090You sent me: \x00'
recv: 0
To send: 0
First Line: b'9012090You sent me: \x00'
recv: 0
To send: 0
First Line: b'9012090You sent me: \x00'
recv: 0
To send: 0
First Line: b'9012090You sent me: \x00'
recv: 0
To send: 0
First Line: b'9012090You sent me: \x00'
recv: 0
To send: 0
First Line: b'9012090You sent me: \x00'
recv: 0
To send: 0
First Line: b'9012090You sent me: \x00'
recv: 00
To send: 0
First Line: b'9012090You sent me: \x00'
recv: 0
To send: 0
First Line: b'9012090You sent me: \x00'
recv: 0
To send: 0
First Line: b'9012090You sent me: \x00'
recv: 0
To send: 0
First Line: b'9012090You sent me: \x00'
recv: 0
To send: 0
First Line: b'9012090You sent me: \x00'
recv: 0
To send: 0
First Line: b'9012090You sent me: \x00'
recv: 0
To send: 0
First Line: b'9012090You sent me: \x00'
recv: 0
To send: 0
First Line: b'9012090You sent me: \x00'
recv: 00
To send: 0
First Line: b'9012090You sent me: \x00'
recv: 0
To send: 0
First Line: b'9012090You sent me: \x00'
recv: 0
To send: 0
First Line: b'9012090You sent me: \x00'
recv: 0
To send: 0
First Line: b'9012090You sent me: \x00'
recv: 0
To send: 0
First Line: b'9012090You sent me: \x00'
recv: 0
To send: 0
First Line: b'9012090You sent me: \x00'
recv: 0
To send: 0
First Line: b'9012090You sent me: \x00'
recv: 0
To send: 0
First Line: b'9012090You sent me: \x00'
recv: 0
To send: 0
First Line: b'9012090You sent me: \x00'
recv: 0
To send: 0
First Line: b'9012090You sent me: \x00'
recv: 00
To send: 0
First Line: b'9012090You sent me: \x00'
recv: 0
To send: 0
First Line: b'9012090You sent me: \x00'
recv: 0
To send: 0
First Line: b'9012090You sent me: \x00'
recv: 0
To send: 0
First Line: b'9012090You sent me: \x00'
recv: 0
To send: 0
First Line: b'9012090You sent me: \x00'
recv: 0
To send: 0
First Line: b'9012090You sent me: \x00'
recv: 0
To send: 0
First Line: b'9012090You sent me: \x00'
recv: 0
To send: 0
First Line: b'9012090You sent me: \x00'
recv: 0
To send: 0
First Line: b'9012090You sent me: \x00'
recv: 00
To send: 0
First Line: b'9012090You sent me: \x00'
recv: 0
To send: 0
First Line: b'9012090You sent me: \x00'
recv: 0
To send: 0
First Line: b'9012090You sent me: \x00'
recv: 0
To send: 0
First Line: b'9012090You sent me: \x00'
recv: 0
To send: 0
First Line: b'9012090You sent me: \x00'
recv: 0
To send: 0
First Line: b'9012090You sent me: \x00'
recv: 0
To send: 0
First Line: b'9012090You sent me: \x00'
recv: 0
To send: 0
First Line: b'9012090You sent me: \x00'
recv: 0
To send: 0
First Line: b'9012090You sent me: \x00'
recv: 0
To send: 0
First Line: b'9012090You sent me: \x00'
recv: 0
To send: 0
First Line: b'9012090You sent me: \x00'
recv: 0
To send: 0
First Line: b'9012090You sent me: \x00'
recv: 0
To send: 0
First Line: b'9012090You sent me: \x00'
recv: 00
To send: 0
First Line: b'9012090You sent me: \x00'
recv: 0
To send: 0
First Line: b'9012090You sent me: \x00'
recv: 0
To send: 0
First Line: b'9012090You sent me: \x00'
recv: 0
To send: 0
First Line: b'9012090You sent me: \x00'
recv: 0
To send: 0
First Line: b'9012090You sent me: \x00'
recv: 0
To send: 0
First Line: b'9012090You sent me: \x00'
recv: 0
To send: 0
First Line: b'9012090You sent me: \x00'
recv: 00
To send: 0
First Line: b'9012090You sent me: \x00'
recv: 0
To send: 0
First Line: b'9012090You sent me: \x00'
recv: 0
To send: 0
First Line: b'9012090You sent me: \x00'
recv: 0
To send: 0
First Line: b'9012090You sent me: \x00'
recv: 0
To send: 0
First Line: b'9012090You sent me: \x00'
recv: 0
To send: 0
First Line: b'9012090You sent me: \x00'
recv: 0
To send: 0
First Line: b'9012090You sent me: \x00'
recv: 0
To send: 0
First Line: b'9012090You sent me: \x00'
recv: 0
To send: 0
First Line: b'9012090You sent me: \x00'
recv: 00
To send: 0
First Line: b'9012090You sent me: \x00'
recv: 0
To send: 0
First Line: b'9012090You sent me: \x00'
recv: 0
To send: 0
First Line: b'9012090You sent me: \x00'
recv: 0
To send: 0
First Line: b'9012090You sent me: \x00'
recv: 0
To send: 0
First Line: b'9012090You sent me: \x00'
recv: 0
To send: 0
First Line: b'9012090You sent me: \x00'
recv: 0
To send: 0
First Line: b'9012090You sent me: \x00'
recv: 0
To send: 0
First Line: b'9012090You sent me: \x00'
recv: 0
To send: 0
First Line: b'9012090You sent me: \x00'
recv: 00
To send: 0
First Line: b'9012090You sent me: \x00'
recv: 0
To send: 0
First Line: b'9012090You sent me: \x00'
recv: 0
To send: 0
First Line: b'9012090You sent me: \x00'
recv: 0
To send: 0
First Line: b'9012090You sent me: \x00'
recv: 0
To send: 0
First Line: b'9012090You sent me: \x00'
recv: 0
To send: 0
First Line: b'9012090You sent me: \x00'
recv: 0
To send: 0
First Line: b'9012090You sent me: \x00'
recv: 0
To send: 0
First Line: b'9012090You sent me: \x00'
recv: 0
To send: 0
First Line: b'9012090You sent me: \x00'
recv: 00
To send: 0
First Line: b'9012090You sent me: \x00'
recv: 0
To send: 0
First Line: b'9012090You sent me: \x00'
recv: 0
To send: 0
First Line: b'9012090You sent me: \x00'
recv: 0
To send: 0
First Line: b'9012090You sent me: \x00'
recv: 0
To send: 0
First Line: b'9012090You sent me: \x00'
recv: 0
To send: 0
First Line: b'9012090You sent me: \x00'
recv: 0
To send: 0
First Line: b'9012090You sent me: \x00'
recv: 0
To send: 0
First Line: b'9012090You sent me: \x00'
recv: 0
To send: 0
First Line: b'9012090You sent me: \x00'
recv: 00
To send: 0
First Line: b'9012090You sent me: \x00'
recv: 0
To send: 0
First Line: b'9012090You sent me: \x00'
recv: 0
To send: 0
First Line: b'9012090You sent me: \x00'
recv: 0
To send: 0
First Line: b'9012090You sent me: \x00'
recv: 0
To send: 0
First Line: b'9012090You sent me: \x00'